nohup: ignoring input

   INFO  Server running on [http://0.0.0.0:8000].  

  Press Ctrl+C to stop the server

  2024-09-22 08:21:23 ................................................... ~ 1s
  2024-09-22 08:23:45 ................................................... ~ 0s
  2024-09-22 08:23:50 ................................................... ~ 1s
  2024-09-22 08:23:52 ................................................... ~ 0s
  2024-09-22 08:23:52 ................................................... ~ 0s
  2024-09-22 08:23:52 ................................................... ~ 1s
  2024-09-22 08:23:52 ................................................... ~ 1s
  2024-09-22 08:23:53 ................................................... ~ 0s
  2024-09-22 08:23:53 ................................................... ~ 0s
  2024-09-22 08:23:53 ................................................... ~ 0s
  2024-09-22 08:23:53 ................................................... ~ 1s
  2024-09-22 08:23:58 ................................................... ~ 0s
  2024-09-22 08:23:59 ................................................... ~ 0s
  2024-09-22 08:24:04 ................................................... ~ 0s
  2024-09-22 08:24:04 ................................................... ~ 0s
  2024-09-22 08:24:06 ................................................... ~ 1s
  2024-09-22 08:24:07 ................................................... ~ 0s
  2024-09-22 08:24:52 ................................................... ~ 0s
  2024-09-22 08:24:53 ................................................... ~ 0s
  2024-09-22 08:25:15 ................................................... ~ 0s
  2024-09-22 08:25:15 ................................................... ~ 1s
  2024-09-22 08:25:16 ................................................... ~ 0s
  2024-09-22 08:25:16 ................................................... ~ 0s
  2024-09-22 08:25:16 ................................................... ~ 0s
  2024-09-22 08:25:16 ................................................... ~ 1s
  2024-09-22 08:25:17 ................................................... ~ 0s
  2024-09-22 08:25:17 ................................................... ~ 0s
  2024-09-22 08:25:17 ................................................... ~ 1s
  2024-09-22 08:25:18 ................................................... ~ 0s
  2024-09-22 08:25:35 ................................................... ~ 0s
  2024-09-22 08:25:35 ................................................... ~ 0s
  2024-09-22 08:25:42 ................................................... ~ 1s
  2024-09-22 08:25:43 ................................................... ~ 0s
  2024-09-22 08:25:51 ................................................... ~ 0s
  2024-09-22 08:25:51 ................................................... ~ 0s
  2024-09-22 08:25:51 ................................................... ~ 1s
  2024-09-22 08:25:52 ................................................... ~ 0s
  2024-09-22 08:35:53 ................................................... ~ 0s
  2024-09-22 08:35:53 ................................................... ~ 1s
  2024-09-22 08:35:55 ................................................... ~ 0s
  2024-09-22 08:35:55 ................................................... ~ 1s
  2024-09-22 08:36:26 ................................................... ~ 0s
  2024-09-22 08:36:26 ................................................... ~ 1s
  2024-09-22 08:38:45 ................................................... ~ 0s
  2024-09-22 08:38:45 ................................................... ~ 0s
  2024-09-22 08:38:45 ................................................... ~ 1s
  2024-09-22 08:38:46 ................................................... ~ 0s
  2024-09-22 08:38:46 ................................................... ~ 1s
  2024-09-22 08:38:46 ................................................... ~ 1s
  2024-09-22 08:38:47 ................................................... ~ 0s
  2024-09-22 08:38:47 ................................................... ~ 0s
  2024-09-22 08:38:48 ................................................... ~ 0s
  2024-09-22 08:38:48 ................................................... ~ 0s
  2024-09-22 08:38:49 ................................................... ~ 0s
  2024-09-22 08:38:49 ................................................... ~ 0s
  2024-09-22 08:38:49 ................................................... ~ 0s
  2024-09-22 08:38:49 ................................................... ~ 1s
  2024-09-22 08:38:50 ................................................... ~ 0s
  2024-09-22 08:38:50 ................................................... ~ 0s
  2024-09-22 08:54:30 ................................................... ~ 0s
  2024-09-22 08:54:30 ................................................... ~ 1s
  2024-09-22 08:54:31 ................................................... ~ 0s
  2024-09-22 08:54:31 ................................................... ~ 1s
  2024-09-22 08:54:32 ................................................... ~ 0s
  2024-09-22 08:54:32 ................................................... ~ 0s
  2024-09-22 08:54:32 ................................................... ~ 0s
  2024-09-22 08:54:32 ................................................... ~ 0s
  2024-09-22 08:54:32 ................................................... ~ 1s
  2024-09-22 08:54:32 ................................................... ~ 1s
  2024-09-22 08:54:33 ................................................... ~ 0s
  2024-09-22 08:54:33 ................................................... ~ 1s
  2024-09-22 08:54:39 ................................................... ~ 1s
  2024-09-22 08:54:40 ................................................... ~ 0s
  2024-09-22 08:54:42 ................................................... ~ 0s
  2024-09-22 08:54:43 ................................................... ~ 0s
  2024-09-22 08:54:48 ................................................... ~ 0s
  2024-09-22 08:54:48 ................................................... ~ 1s
  2024-09-22 08:55:14 ................................................... ~ 0s
  2024-09-22 08:55:15 ................................................... ~ 0s
  2024-09-22 08:55:43 ................................................... ~ 0s
  2024-09-22 08:55:43 ................................................... ~ 0s
  2024-09-22 08:55:43 ................................................... ~ 0s
  2024-09-22 08:55:43 ................................................... ~ 0s
  2024-09-22 08:55:43 ................................................... ~ 1s
  2024-09-22 08:55:43 ................................................... ~ 1s
  2024-09-22 08:55:44 ................................................... ~ 0s
  2024-09-22 08:55:44 ................................................... ~ 1s
  2024-09-22 08:55:45 ................................................... ~ 0s
  2024-09-22 08:55:45 ................................................... ~ 1s
  2024-09-22 08:55:46 ................................................... ~ 0s
  2024-09-22 08:55:46 ................................................... ~ 0s
  2024-09-22 08:55:46 ................................................... ~ 0s
  2024-09-22 08:55:46 ................................................... ~ 1s
  2024-09-22 08:55:47 ................................................... ~ 0s
  2024-09-22 08:55:47 ................................................... ~ 0s
  2024-09-22 09:04:02 ................................................... ~ 0s
  2024-09-22 09:04:02 ................................................... ~ 0s
  2024-09-22 09:04:04 ................................................... ~ 0s
  2024-09-22 09:04:04 ................................................... ~ 0s
  2024-09-22 09:04:10 ................................................... ~ 0s
  2024-09-22 09:04:11 ................................................... ~ 0s
  2024-09-22 09:04:15 ................................................... ~ 0s
  2024-09-22 09:04:15 ................................................... ~ 1s
  2024-09-22 09:04:16 ................................................... ~ 0s
  2024-09-22 09:04:16 ................................................... ~ 1s
  2024-09-22 09:04:39 ................................................... ~ 0s
  2024-09-22 09:04:39 ................................................... ~ 0s
  2024-09-22 09:05:34 ................................................... ~ 0s
  2024-09-22 09:05:35 ................................................... ~ 0s
  2024-09-22 09:07:46 ................................................... ~ 0s
  2024-09-22 09:07:46 ................................................... ~ 1s
  2024-09-22 09:07:46 ................................................... ~ 1s
  2024-09-22 09:07:47 ................................................... ~ 0s
  2024-09-22 09:07:47 ................................................... ~ 0s
  2024-09-22 09:07:48 ................................................... ~ 0s
  2024-09-22 09:07:48 ................................................... ~ 1s
  2024-09-22 09:07:48 ................................................... ~ 1s
  2024-09-22 09:07:49 ................................................... ~ 0s
  2024-09-22 09:07:49 ................................................... ~ 1s
  2024-09-22 09:07:51 ................................................... ~ 0s
  2024-09-22 09:07:51 ................................................... ~ 0s
  2024-09-22 09:07:53 ................................................... ~ 1s
  2024-09-22 09:07:54 ................................................... ~ 0s

   WARN  13.91.241.182:36674 Invalid request (Unexpected EOF).  

  2024-09-22 09:09:00 .................................................. ~ 10s
  2024-09-22 09:11:47 ................................................... ~ 1s
  2024-09-22 09:11:48 ................................................... ~ 0s
  2024-09-22 09:12:07 ................................................... ~ 1s
  2024-09-22 09:12:08 ................................................... ~ 0s
  2024-09-22 09:12:34 ................................................... ~ 0s
  2024-09-22 09:12:34 ................................................... ~ 1s
  2024-09-22 09:15:51 ................................................... ~ 0s
  2024-09-22 09:15:51 ................................................... ~ 0s
  2024-09-22 09:15:51 ................................................... ~ 0s
  2024-09-22 09:15:51 ................................................... ~ 1s
  2024-09-22 09:15:52 ................................................... ~ 0s
  2024-09-22 09:15:52 ................................................... ~ 1s
  2024-09-22 09:15:53 ................................................... ~ 0s
  2024-09-22 09:15:53 ................................................... ~ 0s
  2024-09-22 09:15:53 ................................................... ~ 0s
  2024-09-22 09:15:53 ................................................... ~ 1s
  2024-09-22 09:15:55 ................................................... ~ 0s
  2024-09-22 09:15:55 ................................................... ~ 0s
  2024-09-22 09:16:23 ................................................... ~ 0s
  2024-09-22 09:16:24 ................................................... ~ 0s
  2024-09-22 09:21:07 ................................................... ~ 1s
  2024-09-22 09:22:23 ................................................... ~ 1s
  2024-09-22 09:22:24 ................................................... ~ 0s
  2024-09-22 09:22:24 ................................................... ~ 0s
  2024-09-22 09:22:24 ................................................... ~ 1s
  2024-09-22 09:22:25 ................................................... ~ 0s
  2024-09-22 09:22:25 ................................................... ~ 0s
  2024-09-22 09:22:25 ................................................... ~ 0s
  2024-09-22 09:22:25 ................................................... ~ 0s
  2024-09-22 09:22:25 ................................................... ~ 1s
  2024-09-22 09:22:25 ................................................... ~ 1s
  2024-09-22 09:22:26 ................................................... ~ 0s
  2024-09-22 09:22:26 ................................................... ~ 1s
  2024-09-22 09:22:36 ................................................... ~ 0s
  2024-09-22 09:22:36 ................................................... ~ 0s
  2024-09-22 09:22:39 ................................................... ~ 0s
  2024-09-22 09:22:39 ................................................... ~ 0s
  2024-09-22 09:23:30 ................................................... ~ 0s
  2024-09-22 09:23:30 ................................................... ~ 0s
  2024-09-22 09:23:30 ................................................... ~ 0s
  2024-09-22 09:23:30 ................................................... ~ 1s
  2024-09-22 09:23:39 ................................................... ~ 1s
  2024-09-22 09:23:40 ................................................... ~ 2s
  2024-09-22 09:23:50 ................................................... ~ 0s
  2024-09-22 09:23:50 ................................................... ~ 1s
  2024-09-22 09:23:51 ................................................... ~ 0s
  2024-09-22 09:23:51 ................................................... ~ 0s
  2024-09-22 09:23:51 ................................................... ~ 1s
  2024-09-22 09:23:51 ................................................... ~ 1s
  2024-09-22 09:23:52 ................................................... ~ 1s
  2024-09-22 09:23:52 ................................................... ~ 1s
  2024-09-22 09:23:53 ................................................... ~ 1s
  2024-09-22 09:23:54 ................................................... ~ 0s
  2024-09-22 10:00:19 ................................................... ~ 0s
  2024-09-22 10:08:37 ................................................... ~ 0s
  2024-09-22 10:33:03 ................................................... ~ 0s
  2024-09-22 10:33:03 ................................................... ~ 0s
  2024-09-22 10:33:03 ................................................... ~ 0s
  2024-09-22 10:33:03 ................................................... ~ 1s
  2024-09-22 10:33:03 ................................................... ~ 1s
  2024-09-22 10:33:04 ................................................... ~ 0s
  2024-09-22 10:33:04 ................................................... ~ 0s
  2024-09-22 10:33:04 ................................................... ~ 0s
  2024-09-22 10:33:04 ................................................... ~ 1s
  2024-09-22 10:33:04 ................................................... ~ 1s
  2024-09-22 10:33:05 ................................................... ~ 0s
  2024-09-22 10:33:05 ................................................... ~ 0s
  2024-09-22 10:33:05 ................................................... ~ 0s
  2024-09-22 10:33:05 ................................................... ~ 1s
  2024-09-22 10:33:32 ................................................... ~ 0s
  2024-09-22 10:34:02 ................................................... ~ 0s
  2024-09-22 10:34:02 ................................................... ~ 0s
  2024-09-22 10:34:07 ................................................... ~ 0s
  2024-09-22 10:34:07 ................................................... ~ 0s
  2024-09-22 10:34:07 ................................................... ~ 1s
  2024-09-22 10:34:07 ................................................... ~ 1s
  2024-09-22 10:34:08 ................................................... ~ 0s
  2024-09-22 10:34:08 ................................................... ~ 0s
  2024-09-22 10:34:10 ................................................... ~ 0s
  2024-09-22 10:34:10 ................................................... ~ 0s
  2024-09-22 10:34:10 ................................................... ~ 0s
  2024-09-22 10:34:10 ................................................... ~ 1s
  2024-09-22 10:34:13 ................................................... ~ 1s
  2024-09-22 10:34:14 ................................................... ~ 0s
  2024-09-22 10:34:20 ................................................... ~ 0s
  2024-09-22 10:34:20 ................................................... ~ 1s
  2024-09-22 10:34:20 ................................................... ~ 1s
  2024-09-22 10:34:21 ................................................... ~ 0s
  2024-09-22 10:34:21 ................................................... ~ 0s
  2024-09-22 10:34:21 ................................................... ~ 0s
  2024-09-22 10:34:21 ................................................... ~ 0s
  2024-09-22 10:34:21 ................................................... ~ 1s
  2024-09-22 10:43:17 ................................................... ~ 0s
  2024-09-22 10:43:20 ................................................... ~ 0s
  2024-09-22 10:43:28 /favicon.ico ...................................... ~ 0s
  2024-09-22 10:43:31 /favicon.ico ...................................... ~ 0s
  2024-09-22 10:44:09 ................................................... ~ 0s
  2024-09-22 10:54:26 ................................................... ~ 0s
  2024-09-22 10:54:26 ................................................... ~ 1s
  2024-09-22 11:12:08 ................................................... ~ 1s
  2024-09-22 11:18:47 ................................................... ~ 0s
  2024-09-22 11:18:47 ................................................... ~ 1s
  2024-09-22 11:18:48 ................................................... ~ 0s
  2024-09-22 11:18:48 ................................................... ~ 1s
  2024-09-22 11:18:49 ................................................... ~ 0s
  2024-09-22 11:18:49 ................................................... ~ 0s
  2024-09-22 11:18:49 ................................................... ~ 0s
  2024-09-22 11:18:49 ................................................... ~ 0s
  2024-09-22 11:18:49 ................................................... ~ 1s
  2024-09-22 11:18:49 ................................................... ~ 1s
  2024-09-22 11:18:50 ................................................... ~ 0s
  2024-09-22 11:18:50 ................................................... ~ 1s
  2024-09-22 11:30:29 ................................................... ~ 1s
  2024-09-22 11:32:43 ................................................... ~ 1s
  2024-09-22 11:32:44 ................................................... ~ 0s
  2024-09-22 11:32:44 ................................................... ~ 1s
  2024-09-22 11:32:45 ................................................... ~ 0s
  2024-09-22 11:32:45 ................................................... ~ 0s
  2024-09-22 11:32:45 ................................................... ~ 0s
  2024-09-22 11:32:45 ................................................... ~ 0s
  2024-09-22 11:32:45 ................................................... ~ 1s
  2024-09-22 11:32:45 ................................................... ~ 1s
  2024-09-22 11:32:46 ................................................... ~ 1s
  2024-09-22 11:32:48 ................................................... ~ 0s
  2024-09-22 11:32:48 ................................................... ~ 1s
  2024-09-22 11:33:15 ................................................... ~ 0s
  2024-09-22 11:33:15 ................................................... ~ 1s
  2024-09-22 11:33:52 ................................................... ~ 0s
